<?xml version="1.0" encoding="UTF-8" standalone="no"?>
<!DOCTYPE log SYSTEM "logger.dtd">
<log>
<record>
  <date>2018-12-24T16:00:50.623602300Z</date>
  <millis>1545667250623</millis>
  <nanos>602300</nanos>
  <sequence>1</sequence>
  <logger>com.company.Treatment</logger>
  <level>INFO</level>
  <class>com.company.Treatment</class>
  <method>listToStringFile</method>
  <thread>1</thread>
  <message>List to String procces complete</message>
</record>
<record>
  <date>2018-12-24T16:00:50.629586800Z</date>
  <millis>1545667250629</millis>
  <nanos>586800</nanos>
  <sequence>2</sequence>
  <logger>com.company.Treatment</logger>
  <level>INFO</level>
  <class>com.company.Treatment</class>
  <method>listToJson</method>
  <thread>1</thread>
  <message>List to Json procces complete</message>
</record>
<record>
  <date>2018-12-24T16:00:50.784172200Z</date>
  <millis>1545667250784</millis>
  <nanos>172200</nanos>
  <sequence>3</sequence>
  <logger>com.company.Treatment</logger>
  <level>INFO</level>
  <class>com.company.Treatment</class>
  <method>serilializibleToList</method>
  <thread>1</thread>
  <message>Serializible to List procces complete</message>
</record>
