<?xml version="1.0" encoding="UTF-8" standalone="no"?>
<!DOCTYPE log SYSTEM "logger.dtd">
<log>
<record>
  <date>2018-12-26T07:29:35.417570100Z</date>
  <millis>1545809375417</millis>
  <nanos>570100</nanos>
  <sequence>1</sequence>
  <logger>com.company.Treatment</logger>
  <level>INFO</level>
  <class>com.company.Treatment</class>
  <method>listToStringFile</method>
  <thread>1</thread>
  <message>List to String procces complete</message>
</record>
<record>
  <date>2018-12-26T07:29:35.424553800Z</date>
  <millis>1545809375424</millis>
  <nanos>553800</nanos>
  <sequence>2</sequence>
  <logger>com.company.Treatment</logger>
  <level>INFO</level>
  <class>com.company.Treatment</class>
  <method>listToJson</method>
  <thread>1</thread>
  <message>List to Json procces complete</message>
</record>
<record>
  <date>2018-12-26T07:29:35.570676300Z</date>
  <millis>1545809375570</millis>
  <nanos>676300</nanos>
  <sequence>3</sequence>
  <logger>com.company.Treatment</logger>
  <level>INFO</level>
  <class>com.company.Treatment</class>
  <method>listToSerializible</method>
  <thread>1</thread>
  <message>List to Serualizible procces complete</message>
</record>
</log>
