<?xml version="1.0" encoding="UTF-8" standalone="no"?>
<!DOCTYPE log SYSTEM "logger.dtd">
<log>
<record>
  <date>2018-12-25T12:46:28.563555700Z</date>
  <millis>1545741988563</millis>
  <nanos>555700</nanos>
  <sequence>2</sequence>
  <logger>com.company.Treatment</logger>
  <level>INFO</level>
  <class>com.company.Treatment</class>
  <method>stringToList</method>
  <thread>1</thread>
  <message>String to List procces complete</message>
</record>
<record>
  <date>2018-12-25T12:46:28.566547700Z</date>
  <millis>1545741988566</millis>
  <nanos>547700</nanos>
  <sequence>3</sequence>
  <logger>com.company.Treatment</logger>
  <level>INFO</level>
  <class>com.company.Treatment</class>
  <method>jsonToList</method>
  <thread>1</thread>
  <message>Json to list procces complete</message>
</record>
<record>
  <date>2018-12-25T12:46:28.574525700Z</date>
  <millis>1545741988574</millis>
  <nanos>525700</nanos>
  <sequence>5</sequence>
  <logger>com.company.Treatment</logger>
  <level>INFO</level>
  <class>com.company.Treatment</class>
  <method>serilializibleToList</method>
  <thread>1</thread>
  <message>Serializible to List procces complete</message>
</record>
</log>
